2024-02-16 14:19:22,489 INFO:main.py:240:print_splash_screen:PDB2PQR v3.5.2: biomolecular structure conversion software.
2024-02-16 14:19:22,489 INFO:main.py:242:print_splash_screen:Please cite:  Jurrus E, et al.  Improvements to the APBS biomolecular solvation software suite.  Protein Sci 27 112-128 (2018).
2024-02-16 14:19:22,489 INFO:main.py:242:print_splash_screen:Please cite:  Dolinsky TJ, et al.  PDB2PQR: expanding and upgrading automated preparation of biomolecular structures for molecular simulations. Nucleic Acids Res 35 W522-W525 (2007).
2024-02-16 14:19:22,489 INFO:main.py:752:main_driver:Checking and transforming input arguments.
2024-02-16 14:19:22,506 INFO:main.py:756:main_driver:Loading topology files.
2024-02-16 14:19:22,611 INFO:main.py:758:main_driver:Loading molecule: 6vn7_chAB.pdb
2024-02-16 14:19:22,615 ERROR:pdb.py:2584:read_pdb:Error parsing line: invalid literal for int() with base 10: ''
2024-02-16 14:19:22,615 ERROR:pdb.py:2585:read_pdb:<REMARK    GENERATED BY TRJCONV>
2024-02-16 14:19:22,615 ERROR:pdb.py:2587:read_pdb:Truncating remaining errors for record type:REMARK
2024-02-16 14:19:22,648 WARNING:io.py:467:get_molecule:Warning: 6vn7_chAB.pdb is a non-standard PDB file.

2024-02-16 14:19:22,648 ERROR:io.py:468:get_molecule:['REMARK']
2024-02-16 14:19:22,649 INFO:main.py:763:main_driver:Setting up molecule.
2024-02-16 14:19:22,675 INFO:main.py:409:setup_molecule:Created biomolecule object with 308 residues and 5070 atoms.
2024-02-16 14:19:22,676 INFO:main.py:767:main_driver:Setting termini states for biomolecule chains.
2024-02-16 14:19:22,687 INFO:main.py:603:non_trivial:Loading forcefield.
2024-02-16 14:19:22,722 INFO:main.py:607:non_trivial:Loading hydrogen topology definitions.
2024-02-16 14:19:22,733 INFO:main.py:459:is_repairable:This biomolecule is clean.  No repair needed.
2024-02-16 14:19:22,733 INFO:main.py:622:non_trivial:Updating disulfide bridges.
2024-02-16 14:19:22,733 INFO:main.py:625:non_trivial:Debumping biomolecule.
2024-02-16 14:19:22,841 INFO:main.py:632:non_trivial:Assigning titration states with PROPKA.
2024-02-16 14:19:22,873 INFO:output.py:60:print_header:
propka3.4.0                                                                                  2024-02-16

-------------------------------------------------------------------------------
--                                                                           --
--  PROPKA: A PROTEIN PKA PREDICTOR                                          --
--                                                                           --
--  VERSION 1.0,  04/25/2004,  IOWA CITY                                     --
--  BY HUI LI                                                                --
--                                                                           --
--  VERSION 2.0,  11/05/2007, IOWA CITY/COPENHAGEN                           --
--  BY DELPHINE C. BAS AND DAVID M. ROGERS                                   --
--                                                                           --
--  VERSION 3.0,  01/06/2011, COPENHAGEN                                     --
--  BY MATS H.M. OLSSON AND CHRESTEN R. SONDERGARD                           --
--                                                                           --
--  VERSION 3.1,  07/01/2011, COPENHAGEN                                     --
--  BY CHRESTEN R. SONDERGARD AND MATS H.M. OLSSON                           --
--                                                                           --
--  VERSION 3.2,  06/17/2020, PLANET EARTH                                   --
--  SEE ABOVE FOR AUTHORS                                                    --
--                                                                           --
-------------------------------------------------------------------------------


-------------------------------------------------------------------------------
References:

Very Fast Empirical Prediction and Rationalization of Protein pKa Values.
Hui Li, Andrew D. Robertson and Jan H. Jensen. PROTEINS: Structure, Function,
and Bioinformatics. 61:704-721 (2005)

Very Fast Prediction and Rationalization of pKa Values for Protein-Ligand
Complexes.  Delphine C. Bas, David M. Rogers and Jan H. Jensen.  PROTEINS:
Structure, Function, and Bioinformatics 73:765-783 (2008)

PROPKA3: Consistent Treatment of Internal and Surface Residues in Empirical
pKa predictions.  Mats H.M. Olsson, Chresten R. Sondergard, Michal Rostkowski,
and Jan H. Jensen.  Journal of Chemical Theory and Computation, 7(2):525-537
(2011)

Improved Treatment of Ligands and Coupling Effects in Empirical Calculation
and Rationalization of pKa Values.  Chresten R. Sondergaard, Mats H.M. Olsson,
Michal Rostkowski, and Jan H. Jensen.  Journal of Chemical Theory and
Computation, (2011)
-------------------------------------------------------------------------------



2024-02-16 14:19:22,900 WARNING:lib.py:61:protein_precheck:Unexpected number (1) of atoms in residue ALA  18 B   in conformation 1A
2024-02-16 14:19:22,973 WARNING:group.py:375:set_interaction_atoms:Missing atoms or failed protonation for ALA  18 B (BBN) -- please check the structure
2024-02-16 14:19:22,973 WARNING:group.py:376:set_interaction_atoms:Group (BBN) for  2448-   N    18-ALA (B) [  45.580   40.070   28.060] N
2024-02-16 14:19:22,973 WARNING:group.py:385:set_interaction_atoms:Expected 2 interaction atoms for acids, found:
2024-02-16 14:19:22,973 WARNING:group.py:389:set_interaction_atoms:                 0-  H1    18-ALA (B) [  45.220   39.131   28.158] H
2024-02-16 14:19:22,973 WARNING:group.py:389:set_interaction_atoms:                 0-  H2    18-ALA (B) [  45.057   40.558   27.347] H
2024-02-16 14:19:22,973 WARNING:group.py:389:set_interaction_atoms:              2448-   N    18-ALA (B) [  45.580   40.070   28.060] N
2024-02-16 14:19:22,973 WARNING:group.py:392:set_interaction_atoms:Expected 2 interaction atoms for bases, found:
2024-02-16 14:19:22,974 WARNING:group.py:396:set_interaction_atoms:                 0-  H1    18-ALA (B) [  45.220   39.131   28.158] H
2024-02-16 14:19:22,974 WARNING:group.py:396:set_interaction_atoms:                 0-  H2    18-ALA (B) [  45.057   40.558   27.347] H
2024-02-16 14:19:22,974 WARNING:group.py:396:set_interaction_atoms:              2448-   N    18-ALA (B) [  45.580   40.070   28.060] N
2024-02-16 14:19:22,976 INFO:conformation_container.py:109:find_covalently_coupled_groups:Coupling map:

2024-02-16 14:19:22,976 INFO:conformation_container.py:195:calculate_pka:Calculating pKas for Conformation container 1A with 2857 atoms and 722 groups
2024-02-16 14:19:23,271 INFO:output.py:207:print_pka_section:pKa determinants:

---------  -----   ------   ---------------------    --------------    --------------    --------------
                            DESOLVATION  EFFECTS       SIDECHAIN          BACKBONE        COULOMBIC
 RESIDUE    pKa    BURIED     REGULAR      RE        HYDROGEN BOND     HYDROGEN BOND      INTERACTION
---------  -----   ------   ---------   ---------    --------------    --------------    --------------

ASP 132 A   4.04     0 %    0.24  156   0.00    0    0.00 XXX   0 X    0.00 XXX   0 X    0.00 XXX   0 X

ASP 196 A   4.43    40 %    1.17  392   0.16    0   -0.16 LYS 143 A    0.00 XXX   0 X   -0.03 ARG  14 B
ASP 196 A                                            0.00 XXX   0 X    0.00 XXX   0 X    0.01 ASP 201 A
ASP 196 A                                            0.00 XXX   0 X    0.00 XXX   0 X   -0.52 LYS 143 A

ASP 201 A   4.06     0 %    0.26  177   0.00    0    0.00 XXX   0 X    0.00 XXX   0 X    0.00 XXX   0 X

ASP 206 A   3.92     0 %    0.27  222   0.00    0    0.00 XXX   0 X    0.00 XXX   0 X   -0.18 LYS  15 B
ASP 206 A                                            0.00 XXX   0 X    0.00 XXX   0 X    0.03 ASP 282 A

ASP 282 A   3.00    11 %    0.74  311   0.11    0   -0.15 TRP 286 A   -0.00 TYR 283 A   -0.19 ARG 277 A
ASP 282 A                                           -0.85 LYS 216 A   -0.06 GLY 284 A   -0.41 LYS 216 A

ASP 287 A   6.28    86 %    2.49  522   1.00    0   -0.32 SER  11 B    0.00 XXX   0 X   -0.05 ARG 277 A
ASP 287 A                                            0.00 XXX   0 X    0.00 XXX   0 X   -0.04 ARG  12 B
ASP 287 A                                            0.00 XXX   0 X    0.00 XXX   0 X   -0.05 LYS  15 B
ASP 287 A                                            0.00 XXX   0 X    0.00 XXX   0 X   -1.16 LYS 195 A
ASP 287 A                                            0.00 XXX   0 X    0.00 XXX   0 X    0.60 ASP   8 B

ASP 327 A   4.32     0 %    0.46  160   0.00    0    0.00 XXX   0 X   -0.04 ILE 328 A   -0.03 ARG 324 A
ASP 327 A                                            0.00 XXX   0 X    0.00 XXX   0 X   -0.13 ARG 329 A
ASP 327 A                                            0.00 XXX   0 X    0.00 XXX   0 X    0.27 ASP 332 A

ASP 332 A   3.97     0 %    0.24  122   0.00    0    0.00 XXX   0 X   -0.08 SER 333 A    0.00 XXX   0 X

ASP 362 A   3.03*   56 %    1.57  438   0.28    0   -0.85 LYS 369 A    0.00 XXX   0 X   -0.51 LYS 298 A
ASP 362 A                                            0.00 XXX   0 X    0.00 XXX   0 X   -0.74 LYS 369 A
ASP 362 A                                            0.00 XXX   0 X    0.00 XXX   0 X   -0.51 N+    1 B

GLU 133 A   4.63     0 %    0.13   96   0.00    0    0.00 XXX   0 X    0.00 XXX   0 X    0.00 XXX   0 X

GLU 204 A   4.86     0 %    0.12  175   0.00    0    0.00 XXX   0 X    0.00 XXX   0 X    0.01 ASP 206 A
GLU 204 A                                            0.00 XXX   0 X    0.00 XXX   0 X    0.22 GLU 210 A

GLU 210 A   4.27     0 %    0.23  218   0.00    0   -0.48 SER 212 A    0.00 XXX   0 X    0.02 ASP 206 A

GLU 236 A   9.24   100 %    3.50  624   1.24    0    0.00 XXX   0 X    0.00 XXX   0 X    0.00 XXX   0 X

GLU 251 A   3.87     0 %    0.27  256   0.00    0    0.00 XXX   0 X   -0.74 GLU 251 A   -0.15 ARG 252 A

GLU 281 A   4.38     0 %    0.31  220   0.00    0   -0.40 TYR 283 A    0.00 XXX   0 X   -0.04 ARG 277 A
GLU 281 A                                            0.00 XXX   0 X    0.00 XXX   0 X    0.02 ASP 282 A

GLU 367 A   4.59     0 %    0.21  253   0.00    0    0.00 XXX   0 X    0.00 XXX   0 X   -0.11 LYS 365 A

GLU 373 A   6.89    76 %    2.36  493   0.40    0    0.00 XXX   0 X    0.00 XXX   0 X   -0.15 ARG 188 A
GLU 373 A                                            0.00 XXX   0 X    0.00 XXX   0 X   -0.23 LYS 369 A
GLU 373 A                                            0.00 XXX   0 X    0.00 XXX   0 X   -0.14 N+    1 B
GLU 373 A                                            0.00 XXX   0 X    0.00 XXX   0 X    0.16 ASP   3 B

GLU 394 A   4.48     0 %    0.32  273   0.00    0    0.00 XXX   0 X    0.00 XXX   0 X   -0.28 LYS 169 A
GLU 394 A                                            0.00 XXX   0 X    0.00 XXX   0 X   -0.16 ARG 174 A
GLU 394 A                                            0.00 XXX   0 X    0.00 XXX   0 X    0.10 GLU 398 A

GLU 398 A   4.26     0 %    0.43  257   0.00    0    0.00 XXX   0 X    0.00 XXX   0 X   -0.24 LYS 169 A
GLU 398 A                                            0.00 XXX   0 X    0.00 XXX   0 X   -0.15 ARG 401 A
GLU 398 A                                            0.00 XXX   0 X    0.00 XXX   0 X   -0.15 LYS 402 A
GLU 398 A                                            0.00 XXX   0 X    0.00 XXX   0 X   -0.14 ARG 405 A

C-  409 A   3.41     0 %    0.21   82   0.00    0    0.00 XXX   0 X    0.00 XXX   0 X    0.00 XXX   0 X

CYS 172 A   8.40    17 %    0.63  328   0.00    0    0.00 XXX   0 X   -0.29 THR 173 A   -0.23 ARG 174 A
CYS 172 A                                            0.00 XXX   0 X   -0.76 ARG 174 A   -0.07 ARG 252 A
CYS 172 A                                            0.00 XXX   0 X   -0.05 ASN 175 A    0.11 GLU 251 A
CYS 172 A                                            0.00 XXX   0 X    0.00 XXX   0 X    0.06 GLU 394 A

CYS 208 A  10.20    40 %    1.94  393   0.00    0   -0.85 THR 288 A    0.00 XXX   0 X   -0.35 ARG  12 B
CYS 208 A                                           -0.40 SER  11 B    0.00 XXX   0 X   -0.40 LYS  15 B
CYS 208 A                                           -0.47 ARG  12 B    0.00 XXX   0 X    0.02 ASP 206 A
CYS 208 A                                            0.63 ASP   8 B    0.00 XXX   0 X    0.39 ASP 287 A
CYS 208 A                                            0.00 XXX   0 X    0.00 XXX   0 X    0.67 ASP   8 B

CYS 215 A  99.99     0 %    0.00    0   0.00    0    0.00 XXX   0 X    0.00 XXX   0 X    0.00 XXX   0 X

CYS 225 A  11.93    71 %    3.01  480   0.00    0    0.00 XXX   0 X   -0.02 CYS 225 A   -0.06 ARG 188 A

CYS 285 A  99.99     0 %    0.00    0   0.00    0    0.00 XXX   0 X    0.00 XXX   0 X    0.00 XXX   0 X

CYS 314 A   9.42     2 %    0.51  287   0.00    0    0.00 XXX   0 X    0.00 XXX   0 X   -0.09 ARG 317 A

CYS 389 A  11.08    57 %    2.08  442   0.00    0    0.00 XXX   0 X    0.00 XXX   0 X    0.00 XXX   0 X

TYR 139 A  11.16    47 %    1.41  414   0.00    0   -0.22 GLN 135 A    0.00 XXX   0 X    0.02 ASP   8 B
TYR 139 A                                           -0.14 SER   9 B    0.00 XXX   0 X   -0.00 ARG  12 B
TYR 139 A                                            0.00 XXX   0 X    0.00 XXX   0 X    0.02 TYR  10 B
TYR 139 A                                            0.00 XXX   0 X    0.00 XXX   0 X    0.06 TYR  13 B

TYR 146 A  13.36    82 %    2.15  511   0.00    0    0.00 XXX   0 X    0.00 XXX   0 X    0.39 ASP   3 B
TYR 146 A                                            0.00 XXX   0 X    0.00 XXX   0 X    0.16 TYR  10 B
TYR 146 A                                            0.00 XXX   0 X    0.00 XXX   0 X    0.66 ASP 196 A

TYR 150 A  13.69   100 %    3.05  601   0.00    0   -0.01 ARG 188 A    0.00 XXX   0 X   -2.03 ARG 188 A
TYR 150 A                                            0.00 XXX   0 X    0.00 XXX   0 X    0.04 GLU 373 A
TYR 150 A                                            0.00 XXX   0 X    0.00 XXX   0 X    0.07 TYR 146 A
TYR 150 A                                            0.00 XXX   0 X    0.00 XXX   0 X    0.82 TYR 354 A
TYR 150 A                                            0.00 XXX   0 X    0.00 XXX   0 X    1.75 ASP   3 B

TYR 176 A  10.28     0 %    0.39  257   0.00    0    0.00 XXX   0 X    0.00 XXX   0 X   -0.03 ARG 168 A
TYR 176 A                                            0.00 XXX   0 X    0.00 XXX   0 X    0.07 CYS 172 A
TYR 176 A                                            0.00 XXX   0 X    0.00 XXX   0 X   -0.15 ARG 252 A

TYR 224 A  11.49    41 %    1.34  395   0.00    0    0.00 XXX   0 X    0.00 XXX   0 X    0.15 CYS 225 A

TYR 239 A  11.80    38 %    1.37  389   0.00    0    0.00 XXX   0 X    0.00 XXX   0 X    0.25 CYS 172 A
TYR 239 A                                            0.00 XXX   0 X    0.00 XXX   0 X   -0.09 ARG 174 A
TYR 239 A                                            0.00 XXX   0 X    0.00 XXX   0 X    0.21 GLU 251 A
TYR 239 A                                            0.00 XXX   0 X    0.00 XXX   0 X   -0.04 ARG 252 A
TYR 239 A                                            0.00 XXX   0 X    0.00 XXX   0 X    0.10 TYR 258 A

TYR 241 A  10.49     0 %    0.22  260   0.00    0    0.00 XXX   0 X    0.00 XXX   0 X    0.29 CYS 314 A
TYR 241 A                                            0.00 XXX   0 X    0.00 XXX   0 X   -0.03 ARG 317 A

TYR 254 A  10.10     0 %    0.19  211   0.00    0    0.00 XXX   0 X    0.00 XXX   0 X   -0.08 LYS 253 A

TYR 258 A  10.72    34 %    1.45  377   0.00    0   -0.85 THR 242 A    0.00 XXX   0 X    0.12 TYR 254 A

TYR 283 A  11.03     0 %    0.26  224   0.00    0    0.40 GLU 281 A    0.00 XXX   0 X    0.02 ASP 206 A
TYR 283 A                                            0.00 XXX   0 X    0.00 XXX   0 X   -0.04 ARG 277 A
TYR 283 A                                            0.00 XXX   0 X    0.00 XXX   0 X   -0.00 ARG  12 B
TYR 283 A                                            0.00 XXX   0 X    0.00 XXX   0 X    0.38 GLU 281 A

TYR 336 A   9.15     0 %    0.35  174   0.00    0   -0.10 ARG 329 A    0.00 XXX   0 X   -0.10 ARG 324 A
TYR 336 A                                           -0.67 SER 334 A    0.00 XXX   0 X    0.04 ASP 327 A
TYR 336 A                                            0.00 XXX   0 X    0.00 XXX   0 X   -0.38 ARG 329 A
TYR 336 A                                            0.00 XXX   0 X    0.00 XXX   0 X    0.02 ASP 332 A

TYR 354 A  12.08   100 %    3.07  635   0.00    0   -0.69 ARG 188 A    0.00 XXX   0 X   -1.62 ARG 188 A
TYR 354 A                                            0.00 XXX   0 X    0.00 XXX   0 X    0.39 ASP   3 B
TYR 354 A                                            0.00 XXX   0 X    0.00 XXX   0 X    0.94 GLU 373 A

TYR 388 A  12.63    72 %    2.31  484   0.00    0    0.00 XXX   0 X    0.00 XXX   0 X   -0.01 ARG 174 A
TYR 388 A                                            0.00 XXX   0 X    0.00 XXX   0 X    0.33 GLU 236 A

LYS 143 A  10.79*   30 %   -0.81  365   0.00    0    0.16 ASP 196 A    0.00 XXX   0 X   -0.21 ARG  14 B
LYS 143 A                                            0.11 TYR  10 B    0.00 XXX   0 X    0.52 ASP 196 A
LYS 143 A                                            0.00 XXX   0 X    0.00 XXX   0 X    0.52 TYR  10 B

LYS 169 A  10.68     0 %   -0.21  198   0.00    0    0.00 XXX   0 X    0.00 XXX   0 X    0.28 GLU 394 A
LYS 169 A                                            0.00 XXX   0 X    0.00 XXX   0 X    0.24 GLU 398 A
LYS 169 A                                            0.00 XXX   0 X    0.00 XXX   0 X   -0.13 ARG 401 A
LYS 169 A                                            0.00 XXX   0 X    0.00 XXX   0 X   -0.00 ARG 405 A

LYS 195 A   9.02    98 %   -2.67  555   0.00    0    0.00 XXX   0 X    0.00 XXX   0 X    0.03 ASP   8 B
LYS 195 A                                            0.00 XXX   0 X    0.00 XXX   0 X    1.16 ASP 287 A

LYS 216 A  11.15     3 %   -0.54  291   0.00    0    0.85 ASP 282 A    0.00 XXX   0 X   -0.06 ARG 277 A
LYS 216 A                                            0.00 XXX   0 X    0.00 XXX   0 X    0.41 ASP 282 A

LYS 253 A  10.45     0 %   -0.13  124   0.00    0    0.00 XXX   0 X    0.00 XXX   0 X    0.08 TYR 254 A

LYS 298 A   9.25    55 %   -1.23  436   0.00    0    0.00 XXX   0 X    0.00 XXX   0 X   -0.54 LYS 369 A
LYS 298 A                                            0.00 XXX   0 X    0.00 XXX   0 X    0.51 ASP 362 A

LYS 322 A  10.37     0 %   -0.13  193   0.00    0    0.00 XXX   0 X    0.00 XXX   0 X    0.00 XXX   0 X

LYS 330 A  10.47     0 %   -0.03   53   0.00    0    0.00 XXX   0 X    0.00 XXX   0 X    0.00 XXX   0 X

LYS 365 A  10.44     0 %   -0.18  148   0.00    0    0.00 XXX   0 X    0.00 XXX   0 X    0.11 GLU 367 A

LYS 369 A  10.38    63 %   -1.94  458   0.00    0    0.85 ASP 362 A    0.00 XXX   0 X    0.23 GLU 373 A
LYS 369 A                                            0.00 XXX   0 X    0.00 XXX   0 X    0.74 ASP 362 A

LYS 402 A  10.11     0 %   -0.24  224   0.00    0    0.00 XXX   0 X    0.00 XXX   0 X   -0.01 ARG 168 A
LYS 402 A                                            0.00 XXX   0 X    0.00 XXX   0 X    0.15 GLU 398 A
LYS 402 A                                            0.00 XXX   0 X    0.00 XXX   0 X   -0.28 ARG 405 A

ARG 168 A  12.45     0 %   -0.08  123   0.00    0    0.00 XXX   0 X    0.00 XXX   0 X    0.03 TYR 176 A

ARG 174 A  12.16    47 %   -0.84  412   0.00    0    0.00 XXX   0 X    0.00 XXX   0 X    0.23 CYS 172 A
ARG 174 A                                            0.00 XXX   0 X    0.00 XXX   0 X    0.09 TYR 239 A
ARG 174 A                                            0.00 XXX   0 X    0.00 XXX   0 X    0.01 TYR 388 A
ARG 174 A                                            0.00 XXX   0 X    0.00 XXX   0 X    0.16 GLU 394 A

ARG 188 A  16.15   100 %   -2.72  674   0.00    0    0.01 TYR 150 A    0.00 XXX   0 X    2.03 TYR 150 A
ARG 188 A                                            0.69 TYR 354 A    0.00 XXX   0 X    0.06 CYS 225 A
ARG 188 A                                            0.47 ASP   3 B    0.00 XXX   0 X    1.62 TYR 354 A
ARG 188 A                                            0.00 XXX   0 X    0.00 XXX   0 X    0.15 GLU 373 A
ARG 188 A                                            0.00 XXX   0 X    0.00 XXX   0 X    1.33 ASP   3 B

ARG 252 A  12.68     0 %   -0.23  235   0.00    0    0.00 XXX   0 X    0.00 XXX   0 X    0.07 CYS 172 A
ARG 252 A                                            0.00 XXX   0 X    0.00 XXX   0 X    0.15 TYR 176 A
ARG 252 A                                            0.00 XXX   0 X    0.00 XXX   0 X    0.04 TYR 239 A
ARG 252 A                                            0.00 XXX   0 X    0.00 XXX   0 X    0.15 GLU 251 A

ARG 277 A  11.03    58 %   -1.83  443   0.00    0    0.00 XXX   0 X    0.00 XXX   0 X    0.04 GLU 281 A
ARG 277 A                                            0.00 XXX   0 X    0.00 XXX   0 X    0.19 ASP 282 A
ARG 277 A                                            0.00 XXX   0 X    0.00 XXX   0 X    0.04 TYR 283 A
ARG 277 A                                            0.00 XXX   0 X    0.00 XXX   0 X    0.05 ASP 287 A
ARG 277 A                                            0.00 XXX   0 X    0.00 XXX   0 X    0.04 ASP   8 B

ARG 317 A  12.50     0 %   -0.12  153   0.00    0    0.00 XXX   0 X    0.00 XXX   0 X    0.03 TYR 241 A
ARG 317 A                                            0.00 XXX   0 X    0.00 XXX   0 X    0.09 CYS 314 A

ARG 324 A  12.27     0 %   -0.24  201   0.00    0    0.00 XXX   0 X    0.00 XXX   0 X    0.03 ASP 327 A
ARG 324 A                                            0.00 XXX   0 X    0.00 XXX   0 X    0.10 TYR 336 A
ARG 324 A                                            0.00 XXX   0 X    0.00 XXX   0 X   -0.12 ARG 329 A

ARG 329 A  12.73     0 %   -0.38  149   0.00    0    0.10 TYR 336 A    0.00 XXX   0 X    0.13 ASP 327 A
ARG 329 A                                            0.00 XXX   0 X    0.00 XXX   0 X    0.38 TYR 336 A

ARG 338 A  12.11     0 %   -0.16  191   0.00    0    0.00 XXX   0 X    0.00 XXX   0 X   -0.23 ARG 341 A

ARG 341 A  12.35     0 %   -0.15  183   0.00    0    0.00 XXX   0 X    0.00 XXX   0 X    0.00 XXX   0 X

ARG 400 A  12.37     0 %   -0.13  166   0.00    0    0.00 XXX   0 X    0.00 XXX   0 X    0.00 XXX   0 X

ARG 401 A  12.52     0 %   -0.13  163   0.00    0    0.00 XXX   0 X    0.00 XXX   0 X    0.15 GLU 398 A

ARG 404 A  12.19     0 %   -0.15  147   0.00    0    0.00 XXX   0 X    0.00 XXX   0 X   -0.11 ARG 400 A
ARG 404 A                                            0.00 XXX   0 X    0.00 XXX   0 X   -0.05 ARG 401 A

ARG 405 A  12.33     0 %   -0.19  194   0.00    0    0.00 XXX   0 X    0.00 XXX   0 X    0.14 GLU 398 A
ARG 405 A                                            0.00 XXX   0 X    0.00 XXX   0 X   -0.11 ARG 401 A

N+  129 A   7.83     0 %   -0.17   95   0.00    0    0.00 XXX   0 X    0.00 XXX   0 X    0.00 XXX   0 X

ASP   3 B   4.33   100 %    2.69  639   0.00    0   -0.47 ARG 188 A    0.00 XXX   0 X   -0.35 N+    1 B
ASP   3 B                                            0.00 XXX   0 X    0.00 XXX   0 X   -1.33 ARG 188 A

ASP   8 B   4.83    70 %    2.42  476   0.64    0   -0.63 CYS 208 A   -0.68 ILE 289 A   -0.03 LYS 195 A
ASP   8 B                                            0.00 XXX   0 X    0.00 XXX   0 X   -0.04 ARG 277 A
ASP   8 B                                            0.00 XXX   0 X    0.00 XXX   0 X   -0.07 LYS  15 B
ASP   8 B                                            0.00 XXX   0 X    0.00 XXX   0 X   -0.58 ARG  12 B

TYR  10 B   9.64*   34 %    0.96  376   0.00    0   -0.11 LYS 143 A    0.00 XXX   0 X    0.13 ASP 196 A
TYR  10 B                                           -0.32 ARG  14 B    0.00 XXX   0 X   -0.52 LYS 143 A
TYR  10 B                                            0.00 XXX   0 X    0.00 XXX   0 X   -0.50 ARG  14 B

TYR  13 B  10.06     0 %    0.69  242   0.00    0   -0.85 THR 136 A    0.00 XXX   0 X    0.18 ASP 132 A
TYR  13 B                                            0.00 XXX   0 X    0.00 XXX   0 X    0.01 GLU 133 A
TYR  13 B                                            0.00 XXX   0 X    0.00 XXX   0 X   -0.01 ARG  14 B
TYR  13 B                                            0.00 XXX   0 X    0.00 XXX   0 X    0.04 TYR  10 B

LYS  15 B  10.17     3 %   -0.97  289   0.00    0    0.00 XXX   0 X    0.00 XXX   0 X    0.18 ASP 206 A
LYS  15 B                                            0.00 XXX   0 X    0.00 XXX   0 X    0.40 CYS 208 A
LYS  15 B                                            0.00 XXX   0 X    0.00 XXX   0 X    0.05 ASP 287 A
LYS  15 B                                            0.00 XXX   0 X    0.00 XXX   0 X    0.07 ASP   8 B
LYS  15 B                                            0.00 XXX   0 X    0.00 XXX   0 X   -0.06 ARG  12 B

ARG  12 B  13.39    23 %   -0.55  345   0.00    0    0.47 CYS 208 A    0.00 XXX   0 X    0.00 TYR 139 A
ARG  12 B                                            0.00 XXX   0 X    0.00 XXX   0 X    0.35 CYS 208 A
ARG  12 B                                            0.00 XXX   0 X    0.00 XXX   0 X    0.00 TYR 283 A
ARG  12 B                                            0.00 XXX   0 X    0.00 XXX   0 X    0.04 ASP 287 A
ARG  12 B                                            0.00 XXX   0 X    0.00 XXX   0 X    0.58 ASP   8 B

ARG  14 B  12.70    24 %   -0.66  348   0.00    0    0.32 TYR  10 B    0.00 XXX   0 X    0.03 ASP 196 A
ARG  14 B                                            0.00 XXX   0 X    0.00 XXX   0 X    0.01 TYR  13 B
ARG  14 B                                            0.00 XXX   0 X    0.00 XXX   0 X    0.50 TYR  10 B

N+    1 B   4.81*  100 %   -2.54  602   0.00    0    0.00 XXX   0 X    0.00 XXX   0 X   -0.09 ARG 188 A
N+    1 B                                            0.00 XXX   0 X    0.00 XXX   0 X   -0.84 LYS 298 A
N+    1 B                                            0.00 XXX   0 X    0.00 XXX   0 X   -0.73 LYS 369 A
N+    1 B                                            0.00 XXX   0 X    0.00 XXX   0 X    0.14 GLU 373 A
N+    1 B                                            0.00 XXX   0 X    0.00 XXX   0 X    0.35 ASP   3 B
N+    1 B                                            0.00 XXX   0 X    0.00 XXX   0 X    0.51 ASP 362 A

Coupled residues (marked *) were detected.Please rerun PropKa with the --display-coupled-residues 
or -d option for detailed information.

2024-02-16 14:19:23,272 INFO:output.py:209:print_pka_section:pKa summary:
--------------------------------------------------------------------------------------------------------
SUMMARY OF THIS PREDICTION
       Group      pKa  model-pKa   ligand atom-type
   ASP 132 A     4.04       3.80                      
   ASP 196 A     4.43       3.80                      
   ASP 201 A     4.06       3.80                      
   ASP 206 A     3.92       3.80                      
   ASP 282 A     3.00       3.80                      
   ASP 287 A     6.28       3.80                      
   ASP 327 A     4.32       3.80                      
   ASP 332 A     3.97       3.80                      
   ASP 362 A     3.03       3.80                      
   ASP   3 B     4.33       3.80                      
   ASP   8 B     4.83       3.80                      
   GLU 133 A     4.63       4.50                      
   GLU 204 A     4.86       4.50                      
   GLU 210 A     4.27       4.50                      
   GLU 236 A     9.24       4.50                      
   GLU 251 A     3.87       4.50                      
   GLU 281 A     4.38       4.50                      
   GLU 367 A     4.59       4.50                      
   GLU 373 A     6.89       4.50                      
   GLU 394 A     4.48       4.50                      
   GLU 398 A     4.26       4.50                      
   C-  409 A     3.41       3.20                      
   CYS 172 A     8.40       9.00                      
   CYS 208 A    10.20       9.00                      
   CYS 215 A    99.99       9.00                      
   CYS 225 A    11.93       9.00                      
   CYS 285 A    99.99       9.00                      
   CYS 314 A     9.42       9.00                      
   CYS 389 A    11.08       9.00                      
   TYR 139 A    11.16      10.00                      
   TYR 146 A    13.36      10.00                      
   TYR 150 A    13.69      10.00                      
   TYR 176 A    10.28      10.00                      
   TYR 224 A    11.49      10.00                      
   TYR 239 A    11.80      10.00                      
   TYR 241 A    10.49      10.00                      
   TYR 254 A    10.10      10.00                      
   TYR 258 A    10.72      10.00                      
   TYR 283 A    11.03      10.00                      
   TYR 336 A     9.15      10.00                      
   TYR 354 A    12.08      10.00                      
   TYR 388 A    12.63      10.00                      
   TYR  10 B     9.64      10.00                      
   TYR  13 B    10.06      10.00                      
   LYS 143 A    10.79      10.50                      
   LYS 169 A    10.68      10.50                      
   LYS 195 A     9.02      10.50                      
   LYS 216 A    11.15      10.50                      
   LYS 253 A    10.45      10.50                      
   LYS 298 A     9.25      10.50                      
   LYS 322 A    10.37      10.50                      
   LYS 330 A    10.47      10.50                      
   LYS 365 A    10.44      10.50                      
   LYS 369 A    10.38      10.50                      
   LYS 402 A    10.11      10.50                      
   LYS  15 B    10.17      10.50                      
   ARG 168 A    12.45      12.50                      
   ARG 174 A    12.16      12.50                      
   ARG 188 A    16.15      12.50                      
   ARG 252 A    12.68      12.50                      
   ARG 277 A    11.03      12.50                      
   ARG 317 A    12.50      12.50                      
   ARG 324 A    12.27      12.50                      
   ARG 329 A    12.73      12.50                      
   ARG 338 A    12.11      12.50                      
   ARG 341 A    12.35      12.50                      
   ARG 400 A    12.37      12.50                      
   ARG 401 A    12.52      12.50                      
   ARG 404 A    12.19      12.50                      
   ARG 405 A    12.33      12.50                      
   ARG  12 B    13.39      12.50                      
   ARG  14 B    12.70      12.50                      
   N+  129 A     7.83       8.00                      
   N+    1 B     4.81       8.00                      

2024-02-16 14:19:23,308 INFO:main.py:635:non_trivial:PROPKA information:
--------------------------------------------------------------------------------------------------------
Free energy of   folding (kcal/mol) as a function of pH (using neutral reference)
  0.00     27.00
  1.00     27.00
  2.00     26.97
  3.00     26.90
  4.00     28.04
  5.00     31.27
  6.00     34.09
  7.00     35.64
  8.00     36.25
  9.00     37.44
 10.00     41.45
 11.00     50.40
 12.00     57.92
 13.00     62.22
 14.00     65.32

The pH of optimum stability is  2.9 for which the free energy is   26.9 kcal/mol at 298K
Could not determine pH values where the free energy is within 80 % of minimum
Could not determine the pH-range where the free energy is negative


Protein charge of folded and unfolded state as a function of pH
    pH  unfolded  folded
  0.00     30.00   30.00
  1.00     29.97   29.97
  2.00     29.74   29.69
  3.00     27.80   27.86
  4.00     19.99   21.87
  5.00     11.07   13.51
  6.00      8.35   10.00
  7.00      7.79    8.44
  8.00      6.36    6.82
  9.00      1.95    3.46
 10.00     -8.96   -4.02
 11.00    -22.19  -15.16
 12.00    -29.32  -25.44
 13.00    -38.10  -35.28
 14.00    -41.50  -39.85
The pI is  9.55 (folded) and  9.25 (unfolded)

--------------------------------------------------------------------------------------------------------
2024-02-16 14:19:23,308 INFO:biomolecule.py:768:apply_pka_values:Applying pKa values at a pH of 7.40:
2024-02-16 14:19:23,309 INFO:main.py:642:non_trivial:Adding hydrogens to biomolecule.
2024-02-16 14:19:23,679 INFO:main.py:645:non_trivial:Debumping biomolecule (again).
2024-02-16 14:19:24,164 INFO:main.py:647:non_trivial:Optimizing hydrogen bonds
2024-02-16 14:19:24,995 INFO:main.py:659:non_trivial:Applying force field to biomolecule states.
2024-02-16 14:19:25,001 INFO:main.py:700:non_trivial:Applying custom naming scheme (amber).
2024-02-16 14:19:25,005 INFO:main.py:706:non_trivial:Regenerating headers.
2024-02-16 14:19:25,006 INFO:main.py:731:non_trivial:Regenerating PDB lines.
2024-02-16 14:19:25,043 WARNING:main.py:312:print_pqr:Ignoring 540 header lines in output.
2024-02-16 14:19:25,112 WARNING:main.py:355:print_pdb:Ignoring 540 header lines in output.
